{"/home/timegorov/codefellows/code401/bearer-auth/src/server.js": {"path":"/home/timegorov/codefellows/code401/bearer-auth/src/server.js","statementMap":{"0":{"start":{"line":4,"column":16},"end":{"line":4,"column":34}},"1":{"start":{"line":5,"column":13},"end":{"line":5,"column":28}},"2":{"start":{"line":6,"column":15},"end":{"line":6,"column":32}},"3":{"start":{"line":9,"column":21},"end":{"line":9,"column":55}},"4":{"start":{"line":10,"column":17},"end":{"line":10,"column":51}},"5":{"start":{"line":11,"column":19},"end":{"line":11,"column":46}},"6":{"start":{"line":14,"column":12},"end":{"line":14,"column":21}},"7":{"start":{"line":17,"column":0},"end":{"line":17,"column":16}},"8":{"start":{"line":18,"column":0},"end":{"line":18,"column":23}},"9":{"start":{"line":20,"column":0},"end":{"line":20,"column":24}},"10":{"start":{"line":21,"column":0},"end":{"line":21,"column":48}},"11":{"start":{"line":24,"column":0},"end":{"line":24,"column":20}},"12":{"start":{"line":27,"column":0},"end":{"line":27,"column":18}},"13":{"start":{"line":28,"column":0},"end":{"line":28,"column":22}},"14":{"start":{"line":30,"column":0},"end":{"line":37,"column":2}},"15":{"start":{"line":33,"column":4},"end":{"line":35,"column":7}},"16":{"start":{"line":34,"column":6},"end":{"line":34,"column":42}}},"fnMap":{"0":{"name":"(anonymous_0)","decl":{"start":{"line":32,"column":9},"end":{"line":32,"column":10}},"loc":{"start":{"line":32,"column":19},"end":{"line":36,"column":3}},"line":32},"1":{"name":"(anonymous_1)","decl":{"start":{"line":33,"column":21},"end":{"line":33,"column":22}},"loc":{"start":{"line":33,"column":27},"end":{"line":35,"column":5}},"line":33}},"branchMap":{},"s":{"0":1,"1":1,"2":1,"3":1,"4":1,"5":1,"6":1,"7":1,"8":1,"9":1,"10":1,"11":1,"12":1,"13":1,"14":1,"15":0,"16":0},"f":{"0":0,"1":0},"b":{},"_coverageSchema":"1a1c01bbd47fc00a2c39e90264f33305004495a9","hash":"3691660e301aaa3ebb8faeb2961ed72adbba0320"}
,"/home/timegorov/codefellows/code401/bearer-auth/src/auth/routes.js": {"path":"/home/timegorov/codefellows/code401/bearer-auth/src/auth/routes.js","statementMap":{"0":{"start":{"line":3,"column":16},"end":{"line":3,"column":34}},"1":{"start":{"line":4,"column":19},"end":{"line":4,"column":35}},"2":{"start":{"line":5,"column":13},"end":{"line":5,"column":41}},"3":{"start":{"line":7,"column":18},"end":{"line":7,"column":46}},"4":{"start":{"line":8,"column":18},"end":{"line":8,"column":50}},"5":{"start":{"line":9,"column":19},"end":{"line":9,"column":52}},"6":{"start":{"line":11,"column":0},"end":{"line":25,"column":3}},"7":{"start":{"line":12,"column":2},"end":{"line":12,"column":24}},"8":{"start":{"line":13,"column":2},"end":{"line":24,"column":3}},"9":{"start":{"line":14,"column":21},"end":{"line":14,"column":49}},"10":{"start":{"line":16,"column":19},"end":{"line":19,"column":5}},"11":{"start":{"line":20,"column":4},"end":{"line":20,"column":33}},"12":{"start":{"line":22,"column":4},"end":{"line":22,"column":21}},"13":{"start":{"line":23,"column":4},"end":{"line":23,"column":20}},"14":{"start":{"line":27,"column":0},"end":{"line":33,"column":3}},"15":{"start":{"line":28,"column":15},"end":{"line":31,"column":3}},"16":{"start":{"line":32,"column":2},"end":{"line":32,"column":29}},"17":{"start":{"line":35,"column":0},"end":{"line":39,"column":3}},"18":{"start":{"line":36,"column":16},"end":{"line":36,"column":38}},"19":{"start":{"line":37,"column":15},"end":{"line":37,"column":47}},"20":{"start":{"line":37,"column":33},"end":{"line":37,"column":46}},"21":{"start":{"line":38,"column":2},"end":{"line":38,"column":29}},"22":{"start":{"line":41,"column":0},"end":{"line":43,"column":3}},"23":{"start":{"line":42,"column":2},"end":{"line":42,"column":53}},"24":{"start":{"line":46,"column":0},"end":{"line":46,"column":28}}},"fnMap":{"0":{"name":"(anonymous_0)","decl":{"start":{"line":11,"column":27},"end":{"line":11,"column":28}},"loc":{"start":{"line":11,"column":53},"end":{"line":25,"column":1}},"line":11},"1":{"name":"(anonymous_1)","decl":{"start":{"line":27,"column":38},"end":{"line":27,"column":39}},"loc":{"start":{"line":27,"column":58},"end":{"line":33,"column":1}},"line":27},"2":{"name":"(anonymous_2)","decl":{"start":{"line":35,"column":37},"end":{"line":35,"column":38}},"loc":{"start":{"line":35,"column":63},"end":{"line":39,"column":1}},"line":35},"3":{"name":"(anonymous_3)","decl":{"start":{"line":37,"column":25},"end":{"line":37,"column":26}},"loc":{"start":{"line":37,"column":33},"end":{"line":37,"column":46}},"line":37},"4":{"name":"(anonymous_4)","decl":{"start":{"line":41,"column":38},"end":{"line":41,"column":39}},"loc":{"start":{"line":41,"column":64},"end":{"line":43,"column":1}},"line":41}},"branchMap":{},"s":{"0":1,"1":1,"2":1,"3":1,"4":1,"5":1,"6":1,"7":3,"8":3,"9":3,"10":3,"11":3,"12":0,"13":0,"14":1,"15":6,"16":6,"17":1,"18":3,"19":0,"20":0,"21":0,"22":1,"23":0,"24":1},"f":{"0":3,"1":6,"2":3,"3":0,"4":0},"b":{},"_coverageSchema":"1a1c01bbd47fc00a2c39e90264f33305004495a9","hash":"bb859012229dc5a175bb71042a5b6f4115761c01"}
,"/home/timegorov/codefellows/code401/bearer-auth/src/auth/middleware/basic.js": {"path":"/home/timegorov/codefellows/code401/bearer-auth/src/auth/middleware/basic.js","statementMap":{"0":{"start":{"line":3,"column":15},"end":{"line":3,"column":33}},"1":{"start":{"line":4,"column":18},"end":{"line":4,"column":47}},"2":{"start":{"line":6,"column":0},"end":{"line":30,"column":1}},"3":{"start":{"line":8,"column":2},"end":{"line":8,"column":58}},"4":{"start":{"line":8,"column":36},"end":{"line":8,"column":56}},"5":{"start":{"line":10,"column":14},"end":{"line":10,"column":39}},"6":{"start":{"line":11,"column":2},"end":{"line":11,"column":21}},"7":{"start":{"line":12,"column":20},"end":{"line":12,"column":36}},"8":{"start":{"line":14,"column":25},"end":{"line":14,"column":65}},"9":{"start":{"line":15,"column":2},"end":{"line":15,"column":51}},"10":{"start":{"line":23,"column":2},"end":{"line":28,"column":3}},"11":{"start":{"line":24,"column":4},"end":{"line":24,"column":60}},"12":{"start":{"line":25,"column":4},"end":{"line":25,"column":11}},"13":{"start":{"line":27,"column":4},"end":{"line":27,"column":42}}},"fnMap":{"0":{"name":"(anonymous_0)","decl":{"start":{"line":6,"column":17},"end":{"line":6,"column":18}},"loc":{"start":{"line":6,"column":43},"end":{"line":30,"column":1}},"line":6}},"branchMap":{"0":{"loc":{"start":{"line":8,"column":2},"end":{"line":8,"column":58}},"type":"if","locations":[{"start":{"line":8,"column":2},"end":{"line":8,"column":58}},{"start":{"line":8,"column":2},"end":{"line":8,"column":58}}],"line":8}},"s":{"0":2,"1":2,"2":2,"3":14,"4":0,"5":14,"6":14,"7":14,"8":14,"9":14,"10":14,"11":14,"12":6,"13":8},"f":{"0":14},"b":{"0":[0,14]},"_coverageSchema":"1a1c01bbd47fc00a2c39e90264f33305004495a9","hash":"39dacf0c404191ce75d9ab99f7244f8498920dfe"}
,"/home/timegorov/codefellows/code401/bearer-auth/src/auth/middleware/bearer.js": {"path":"/home/timegorov/codefellows/code401/bearer-auth/src/auth/middleware/bearer.js","statementMap":{"0":{"start":{"line":3,"column":18},"end":{"line":3,"column":47}},"1":{"start":{"line":5,"column":0},"end":{"line":21,"column":1}},"2":{"start":{"line":6,"column":2},"end":{"line":20,"column":3}},"3":{"start":{"line":8,"column":4},"end":{"line":8,"column":61}},"4":{"start":{"line":8,"column":38},"end":{"line":8,"column":59}},"5":{"start":{"line":10,"column":18},"end":{"line":10,"column":60}},"6":{"start":{"line":11,"column":22},"end":{"line":11,"column":58}},"7":{"start":{"line":13,"column":4},"end":{"line":13,"column":25}},"8":{"start":{"line":14,"column":4},"end":{"line":14,"column":32}},"9":{"start":{"line":15,"column":4},"end":{"line":15,"column":11}},"10":{"start":{"line":18,"column":4},"end":{"line":18,"column":42}},"11":{"start":{"line":19,"column":4},"end":{"line":19,"column":12}}},"fnMap":{"0":{"name":"(anonymous_0)","decl":{"start":{"line":5,"column":17},"end":{"line":5,"column":18}},"loc":{"start":{"line":5,"column":43},"end":{"line":21,"column":1}},"line":5}},"branchMap":{"0":{"loc":{"start":{"line":8,"column":4},"end":{"line":8,"column":61}},"type":"if","locations":[{"start":{"line":8,"column":4},"end":{"line":8,"column":61}},{"start":{"line":8,"column":4},"end":{"line":8,"column":61}}],"line":8}},"s":{"0":2,"1":2,"2":8,"3":8,"4":0,"5":8,"6":8,"7":4,"8":4,"9":4,"10":4,"11":4},"f":{"0":8},"b":{"0":[0,8]},"_coverageSchema":"1a1c01bbd47fc00a2c39e90264f33305004495a9","hash":"e1672724ebe4167d1bbccfb7b7afc9e912bac7ed"}
,"/home/timegorov/codefellows/code401/bearer-auth/src/auth/models/index.js": {"path":"/home/timegorov/codefellows/code401/bearer-auth/src/auth/models/index.js","statementMap":{"0":{"start":{"line":3,"column":0},"end":{"line":3,"column":27}},"1":{"start":{"line":4,"column":33},"end":{"line":4,"column":53}},"2":{"start":{"line":5,"column":19},"end":{"line":5,"column":40}},"3":{"start":{"line":7,"column":21},"end":{"line":7,"column":65}},"4":{"start":{"line":9,"column":24},"end":{"line":14,"column":6}},"5":{"start":{"line":16,"column":18},"end":{"line":16,"column":62}},"6":{"start":{"line":18,"column":0},"end":{"line":21,"column":1}}},"fnMap":{},"branchMap":{"0":{"loc":{"start":{"line":7,"column":21},"end":{"line":7,"column":65}},"type":"binary-expr","locations":[{"start":{"line":7,"column":21},"end":{"line":7,"column":45}},{"start":{"line":7,"column":49},"end":{"line":7,"column":65}}],"line":7},"1":{"loc":{"start":{"line":9,"column":24},"end":{"line":14,"column":6}},"type":"cond-expr","locations":[{"start":{"line":9,"column":64},"end":{"line":14,"column":1}},{"start":{"line":14,"column":4},"end":{"line":14,"column":6}}],"line":9}},"s":{"0":3,"1":3,"2":3,"3":3,"4":3,"5":3,"6":3},"f":{},"b":{"0":[3,3],"1":[0,3]},"_coverageSchema":"1a1c01bbd47fc00a2c39e90264f33305004495a9","hash":"4ee02747c065d007890df84041d6b925c2f789e6"}
,"/home/timegorov/codefellows/code401/bearer-auth/src/auth/models/users.js": {"path":"/home/timegorov/codefellows/code401/bearer-auth/src/auth/models/users.js","statementMap":{"0":{"start":{"line":3,"column":15},"end":{"line":3,"column":32}},"1":{"start":{"line":4,"column":12},"end":{"line":4,"column":35}},"2":{"start":{"line":6,"column":15},"end":{"line":6,"column":50}},"3":{"start":{"line":9,"column":19},"end":{"line":53,"column":1}},"4":{"start":{"line":10,"column":16},"end":{"line":19,"column":4}},"5":{"start":{"line":16,"column":8},"end":{"line":16,"column":61}},"6":{"start":{"line":21,"column":2},"end":{"line":25,"column":5}},"7":{"start":{"line":22,"column":4},"end":{"line":22,"column":25}},"8":{"start":{"line":23,"column":21},"end":{"line":23,"column":57}},"9":{"start":{"line":24,"column":4},"end":{"line":24,"column":31}},"10":{"start":{"line":28,"column":2},"end":{"line":35,"column":3}},"11":{"start":{"line":29,"column":4},"end":{"line":29,"column":36}},"12":{"start":{"line":30,"column":17},"end":{"line":30,"column":60}},"13":{"start":{"line":31,"column":4},"end":{"line":31,"column":22}},"14":{"start":{"line":32,"column":18},"end":{"line":32,"column":63}},"15":{"start":{"line":33,"column":4},"end":{"line":33,"column":31}},"16":{"start":{"line":33,"column":17},"end":{"line":33,"column":29}},"17":{"start":{"line":34,"column":4},"end":{"line":34,"column":36}},"18":{"start":{"line":38,"column":2},"end":{"line":50,"column":3}},"19":{"start":{"line":41,"column":24},"end":{"line":41,"column":49}},"20":{"start":{"line":42,"column":17},"end":{"line":42,"column":82}},"21":{"start":{"line":43,"column":4},"end":{"line":49,"column":5}},"22":{"start":{"line":44,"column":6},"end":{"line":44,"column":18}},"23":{"start":{"line":46,"column":6},"end":{"line":46,"column":41}},"24":{"start":{"line":52,"column":2},"end":{"line":52,"column":15}},"25":{"start":{"line":55,"column":0},"end":{"line":55,"column":28}}},"fnMap":{"0":{"name":"(anonymous_0)","decl":{"start":{"line":9,"column":19},"end":{"line":9,"column":20}},"loc":{"start":{"line":9,"column":45},"end":{"line":53,"column":1}},"line":9},"1":{"name":"(anonymous_1)","decl":{"start":{"line":15,"column":6},"end":{"line":15,"column":7}},"loc":{"start":{"line":15,"column":12},"end":{"line":17,"column":7}},"line":15},"2":{"name":"(anonymous_2)","decl":{"start":{"line":21,"column":21},"end":{"line":21,"column":22}},"loc":{"start":{"line":21,"column":46},"end":{"line":25,"column":3}},"line":21},"3":{"name":"(anonymous_3)","decl":{"start":{"line":28,"column":28},"end":{"line":28,"column":29}},"loc":{"start":{"line":28,"column":64},"end":{"line":35,"column":3}},"line":28},"4":{"name":"(anonymous_4)","decl":{"start":{"line":38,"column":28},"end":{"line":38,"column":29}},"loc":{"start":{"line":38,"column":51},"end":{"line":50,"column":3}},"line":38}},"branchMap":{"0":{"loc":{"start":{"line":6,"column":15},"end":{"line":6,"column":50}},"type":"binary-expr","locations":[{"start":{"line":6,"column":15},"end":{"line":6,"column":33}},{"start":{"line":6,"column":37},"end":{"line":6,"column":50}}],"line":6},"1":{"loc":{"start":{"line":33,"column":4},"end":{"line":33,"column":31}},"type":"if","locations":[{"start":{"line":33,"column":4},"end":{"line":33,"column":31}},{"start":{"line":33,"column":4},"end":{"line":33,"column":31}}],"line":33},"2":{"loc":{"start":{"line":43,"column":4},"end":{"line":49,"column":5}},"type":"if","locations":[{"start":{"line":43,"column":4},"end":{"line":49,"column":5}},{"start":{"line":43,"column":4},"end":{"line":49,"column":5}}],"line":43}},"s":{"0":3,"1":3,"2":3,"3":3,"4":3,"5":22,"6":3,"7":5,"8":5,"9":5,"10":3,"11":14,"12":14,"13":13,"14":13,"15":10,"16":6,"17":4,"18":3,"19":8,"20":4,"21":4,"22":4,"23":0,"24":3,"25":3},"f":{"0":3,"1":22,"2":5,"3":14,"4":8},"b":{"0":[3,1],"1":[6,4],"2":[4,0]},"_coverageSchema":"1a1c01bbd47fc00a2c39e90264f33305004495a9","hash":"3f89cccb2b604fa9d735072a06be099ef4a3b97f"}
,"/home/timegorov/codefellows/code401/bearer-auth/src/error-handlers/404.js": {"path":"/home/timegorov/codefellows/code401/bearer-auth/src/error-handlers/404.js","statementMap":{"0":{"start":{"line":3,"column":0},"end":{"line":10,"column":2}},"1":{"start":{"line":4,"column":14},"end":{"line":4,"column":45}},"2":{"start":{"line":5,"column":2},"end":{"line":5,"column":23}},"3":{"start":{"line":6,"column":2},"end":{"line":6,"column":34}},"4":{"start":{"line":7,"column":2},"end":{"line":7,"column":52}},"5":{"start":{"line":8,"column":2},"end":{"line":8,"column":35}},"6":{"start":{"line":9,"column":2},"end":{"line":9,"column":12}}},"fnMap":{"0":{"name":"(anonymous_0)","decl":{"start":{"line":3,"column":17},"end":{"line":3,"column":18}},"loc":{"start":{"line":3,"column":37},"end":{"line":10,"column":1}},"line":3}},"branchMap":{},"s":{"0":1,"1":0,"2":0,"3":0,"4":0,"5":0,"6":0},"f":{"0":0},"b":{},"_coverageSchema":"1a1c01bbd47fc00a2c39e90264f33305004495a9","hash":"179d6d0ed40562f9f5db79782ba8e3fc753655c9"}
,"/home/timegorov/codefellows/code401/bearer-auth/src/error-handlers/500.js": {"path":"/home/timegorov/codefellows/code401/bearer-auth/src/error-handlers/500.js","statementMap":{"0":{"start":{"line":3,"column":0},"end":{"line":10,"column":2}},"1":{"start":{"line":4,"column":14},"end":{"line":4,"column":43}},"2":{"start":{"line":5,"column":2},"end":{"line":5,"column":37}},"3":{"start":{"line":6,"column":2},"end":{"line":6,"column":58}},"4":{"start":{"line":7,"column":2},"end":{"line":7,"column":52}},"5":{"start":{"line":8,"column":2},"end":{"line":8,"column":35}},"6":{"start":{"line":9,"column":2},"end":{"line":9,"column":12}}},"fnMap":{"0":{"name":"(anonymous_0)","decl":{"start":{"line":3,"column":17},"end":{"line":3,"column":18}},"loc":{"start":{"line":3,"column":42},"end":{"line":10,"column":1}},"line":3}},"branchMap":{"0":{"loc":{"start":{"line":4,"column":23},"end":{"line":4,"column":41}},"type":"binary-expr","locations":[{"start":{"line":4,"column":23},"end":{"line":4,"column":34}},{"start":{"line":4,"column":38},"end":{"line":4,"column":41}}],"line":4},"1":{"loc":{"start":{"line":5,"column":19},"end":{"line":5,"column":36}},"type":"binary-expr","locations":[{"start":{"line":5,"column":19},"end":{"line":5,"column":29}},{"start":{"line":5,"column":33},"end":{"line":5,"column":36}}],"line":5},"2":{"loc":{"start":{"line":6,"column":22},"end":{"line":6,"column":57}},"type":"binary-expr","locations":[{"start":{"line":6,"column":22},"end":{"line":6,"column":39}},{"start":{"line":6,"column":43},"end":{"line":6,"column":57}}],"line":6}},"s":{"0":1,"1":3,"2":3,"3":3,"4":3,"5":0,"6":0},"f":{"0":3},"b":{"0":[3,0],"1":[3,3],"2":[3,3]},"_coverageSchema":"1a1c01bbd47fc00a2c39e90264f33305004495a9","hash":"b4f680a6e394e60980ab9490c7c42d2355f371d2"}
}
