TN:
SF:src/server.js
FN:32,(anonymous_0)
FN:33,(anonymous_1)
FNF:2
FNH:0
FNDA:0,(anonymous_0)
FNDA:0,(anonymous_1)
DA:4,1
DA:5,1
DA:6,1
DA:9,1
DA:10,1
DA:11,1
DA:14,1
DA:17,1
DA:18,1
DA:20,1
DA:21,1
DA:24,1
DA:27,1
DA:28,1
DA:30,1
DA:33,0
DA:34,0
LF:17
LH:15
BRF:0
BRH:0
end_of_record
TN:
SF:src/auth/routes.js
FN:11,(anonymous_0)
FN:27,(anonymous_1)
FN:35,(anonymous_2)
FN:37,(anonymous_3)
FN:41,(anonymous_4)
FNF:5
FNH:3
FNDA:3,(anonymous_0)
FNDA:6,(anonymous_1)
FNDA:3,(anonymous_2)
FNDA:0,(anonymous_3)
FNDA:0,(anonymous_4)
DA:3,1
DA:4,1
DA:5,1
DA:7,1
DA:8,1
DA:9,1
DA:11,1
DA:12,3
DA:13,3
DA:14,3
DA:16,3
DA:20,3
DA:22,0
DA:23,0
DA:27,1
DA:28,6
DA:32,6
DA:35,1
DA:36,3
DA:37,0
DA:38,0
DA:41,1
DA:42,0
DA:46,1
LF:24
LH:19
BRF:0
BRH:0
end_of_record
TN:
SF:src/auth/middleware/basic.js
FN:6,(anonymous_0)
FNF:1
FNH:1
FNDA:14,(anonymous_0)
DA:3,2
DA:4,2
DA:6,2
DA:8,14
DA:10,14
DA:11,14
DA:12,14
DA:14,14
DA:15,14
DA:23,14
DA:24,14
DA:25,6
DA:27,8
LF:13
LH:13
BRDA:8,0,0,0
BRDA:8,0,1,14
BRF:2
BRH:1
end_of_record
TN:
SF:src/auth/middleware/bearer.js
FN:5,(anonymous_0)
FNF:1
FNH:1
FNDA:8,(anonymous_0)
DA:3,2
DA:5,2
DA:6,8
DA:8,8
DA:10,8
DA:11,8
DA:13,4
DA:14,4
DA:15,4
DA:18,4
DA:19,4
LF:11
LH:11
BRDA:8,0,0,0
BRDA:8,0,1,8
BRF:2
BRH:1
end_of_record
TN:
SF:src/auth/models/index.js
FNF:0
FNH:0
DA:3,3
DA:4,3
DA:5,3
DA:7,3
DA:9,3
DA:16,3
DA:18,3
LF:7
LH:7
BRDA:7,0,0,3
BRDA:7,0,1,3
BRDA:9,1,0,0
BRDA:9,1,1,3
BRF:4
BRH:3
end_of_record
TN:
SF:src/auth/models/users.js
FN:9,(anonymous_0)
FN:15,(anonymous_1)
FN:21,(anonymous_2)
FN:28,(anonymous_3)
FN:38,(anonymous_4)
FNF:5
FNH:5
FNDA:3,(anonymous_0)
FNDA:22,(anonymous_1)
FNDA:5,(anonymous_2)
FNDA:14,(anonymous_3)
FNDA:8,(anonymous_4)
DA:3,3
DA:4,3
DA:6,3
DA:9,3
DA:10,3
DA:16,22
DA:21,3
DA:22,5
DA:23,5
DA:24,5
DA:28,3
DA:29,14
DA:30,14
DA:31,13
DA:32,13
DA:33,10
DA:34,4
DA:38,3
DA:41,8
DA:42,4
DA:43,4
DA:44,4
DA:46,0
DA:52,3
DA:55,3
LF:25
LH:24
BRDA:6,0,0,3
BRDA:6,0,1,1
BRDA:33,1,0,6
BRDA:33,1,1,4
BRDA:43,2,0,4
BRDA:43,2,1,0
BRF:6
BRH:5
end_of_record
TN:
SF:src/error-handlers/404.js
FN:3,(anonymous_0)
FNF:1
FNH:0
FNDA:0,(anonymous_0)
DA:3,1
DA:4,0
DA:5,0
DA:6,0
DA:7,0
DA:8,0
DA:9,0
LF:7
LH:1
BRF:0
BRH:0
end_of_record
TN:
SF:src/error-handlers/500.js
FN:3,(anonymous_0)
FNF:1
FNH:1
FNDA:3,(anonymous_0)
DA:3,1
DA:4,3
DA:5,3
DA:6,3
DA:7,3
DA:8,0
DA:9,0
LF:7
LH:5
BRDA:4,0,0,3
BRDA:4,0,1,0
BRDA:5,1,0,3
BRDA:5,1,1,3
BRDA:6,2,0,3
BRDA:6,2,1,3
BRF:6
BRH:5
end_of_record
